No GPU on this node, CUDA module not loaded
/dtu/projects/02613_2025/conda/miniconda3/envs/02613_2026/bin/python
/dtu/projects/02613_2025/conda/miniconda3/envs/02613_2026/bin/python

------------------------------------------------------------
Sender: LSF System <lsfadmin@hpc.dtu.dk>
Subject: Job 28160637: <simulate_original> in cluster <dcc> Exited

Job <simulate_original> was submitted from host <n-62-9-40> by user <s253167> in cluster <dcc> at Wed Apr  8 11:05:36 2026
Job was executed on host(s) <4*n-62-31-16>, in queue <hpc>, as user <s253167> in cluster <dcc> at Wed Apr  8 11:05:37 2026
</zhome/0b/c/223393> was used as the home directory.
</zhome/0b/c/223393/02613/02613-Mini-Project-Group7/simulate> was used as the working directory.
Started at Wed Apr  8 11:05:37 2026
Terminated at Wed Apr  8 11:05:39 2026
Results reported at Wed Apr  8 11:05:39 2026

Your job looked like:

------------------------------------------------------------
# LSBATCH: User input
#!/bin/bash
#BSUB -J simulate_original
#BSUB -q hpc
#BSUB -W 00:20
#BSUB -n 4
#BSUB -R "rusage[mem=512MB] span[hosts=1] select[model==XeonGold6126]"
#BSUB -o logs/04_profile_jacobi.%J.out
#BSUB -e logs/04_profile_jacobi.%J.err
#BSUB -B 

source /dtu/projects/02613_2025/conda/conda_init.sh
conda activate 02613_2026

set -x
which python
python -c "import sys; print(sys.executable)"
python -m kernprof -l simulator.py
------------------------------------------------------------

Exited with exit code 1.

Resource usage summary:

    CPU time :                                   1.36 sec.
    Max Memory :                                 -
    Average Memory :                             -
    Total Requested Memory :                     2048.00 MB
    Delta Memory :                               -
    Max Swap :                                   -
    Max Processes :                              -
    Max Threads :                                -
    Run time :                                   2 sec.
    Turnaround time :                            3 sec.

The output (if any) is above this job summary.



PS:

Read file <logs/04_profile_jacobi.28160637.err> for stderr output of this job.

