building_id, mean_temp, std_temp, pct_above_18, pct_below_15
10000, 14.016701434535019, 6.367649262232614, 30.966330331633575, 55.47538967849264
10009, 11.01028048638153, 5.80928699600336, 16.69765805608604, 74.93466680068349
10014, 14.76009423643455, 7.028290843423581, 38.297265935139755, 52.74831538445879
10019, 14.75219175313747, 7.020491283113654, 38.191880041912086, 52.886542354604735
10029, 10.622508188742058, 6.312460561811111, 18.25563221896085, 74.51301795448481
10031, 12.518720991183892, 6.276144595273962, 24.080075420557996, 66.33473764841057
10051, 13.290568693587785, 5.999000745442376, 25.97693550756574, 62.84890553841633
10053, 11.374403533368802, 6.258990338763394, 19.957686882933707, 72.38848730606487
10056, 14.22156228947154, 6.1794045077543185, 31.770664359612127, 57.05454021123968
10064, 12.729579225705642, 6.964127503403578, 28.854589132358804, 62.675186492768844
10075, 15.17712319981736, 6.44334546715509, 39.29975267202544, 47.279392279833935
10079, 15.105831923572193, 7.310311159619338, 41.94066689251319, 49.388762522383004
10080, 15.788727905768031, 7.276695255676388, 46.42258819841091, 44.66988664752966
10082, 16.481817927787013, 6.706141219645528, 48.723152055379074, 40.47223934379593
10083, 15.642338056613623, 7.1206662339490965, 44.870436948965434, 45.874420061760624
10084, 15.103437404180209, 7.149927041471729, 40.92004216232495, 50.25146815238669
10085, 15.87201886727475, 7.191593636270213, 46.19291488551234, 44.711558809836205
10086, 14.401349605024498, 7.212646858776388, 37.29047849202513, 52.985983566940554
10087, 15.087660041744552, 7.268110485786864, 41.58125639989854, 49.843584131069925
10089, 14.005138326886952, 7.2688582943610704, 35.50778774954371, 56.30632760560983
Elapsed time: 23 seconds

------------------------------------------------------------
Sender: LSF System <lsfadmin@hpc.dtu.dk>
Subject: Job 28253946: <cuda_kernel_20> in cluster <dcc> Done

Job <cuda_kernel_20> was submitted from host <hpclogin1> by user <s260166> in cluster <dcc> at Wed Apr 22 11:07:03 2026
Job was executed on host(s) <n-62-13-14>, in queue <gpul40s>, as user <s260166> in cluster <dcc> at Wed Apr 22 11:23:41 2026
</zhome/f0/e/229191> was used as the home directory.
</zhome/f0/e/229191/02613-Mini-Project-Group7/simulate> was used as the working directory.
Started at Wed Apr 22 11:23:41 2026
Terminated at Wed Apr 22 11:24:06 2026
Results reported at Wed Apr 22 11:24:06 2026

Your job looked like:

------------------------------------------------------------
# LSBATCH: User input
#!/bin/bash
#BSUB -J cuda_kernel_20
#BSUB -q gpul40s
#BSUB -W 00:30
#BSUB -R "rusage[mem=8GB]"
#BSUB -o cuda_kernel_20.%J.out
#BSUB -e cuda_kernel_20.%J.err
#BSUB -B

source /dtu/projects/02613_2025/conda/conda_init.sh
conda activate 02613_2026

START=$SECONDS
python cuda_kernel.py 20
echo "Elapsed time: $((SECONDS - START)) seconds"

------------------------------------------------------------

Successfully completed.

Resource usage summary:

    CPU time :                                   22.00 sec.
    Max Memory :                                 168 MB
    Average Memory :                             168.00 MB
    Total Requested Memory :                     8192.00 MB
    Delta Memory :                               8024.00 MB
    Max Swap :                                   -
    Max Processes :                              4
    Max Threads :                                10
    Run time :                                   25 sec.
    Turnaround time :                            1023 sec.

The output (if any) is above this job summary.



PS:

Read file <cuda_kernel_20.28253946.err> for stderr output of this job.

