building_id, mean_temp, std_temp, pct_above_18, pct_below_15
10000, 14.016701434535019, 6.367649262232614, 30.966330331633575, 55.47538967849264
10009, 11.01028048638153, 5.80928699600336, 16.69765805608604, 74.93466680068349
10014, 14.76009423643455, 7.028290843423581, 38.297265935139755, 52.74831538445879
10019, 14.75219175313747, 7.020491283113654, 38.191880041912086, 52.886542354604735
10029, 10.622508188742058, 6.312460561811111, 18.25563221896085, 74.51301795448481
10031, 12.518720991183892, 6.276144595273962, 24.080075420557996, 66.33473764841057
10051, 13.290568693587785, 5.999000745442376, 25.97693550756574, 62.84890553841633
10053, 11.374403533368802, 6.258990338763394, 19.957686882933707, 72.38848730606487
10056, 14.22156228947154, 6.1794045077543185, 31.770664359612127, 57.05454021123968
10064, 12.729579225705642, 6.964127503403578, 28.854589132358804, 62.675186492768844
10075, 15.17712319981736, 6.44334546715509, 39.29975267202544, 47.279392279833935
10079, 15.105831923572193, 7.310311159619338, 41.94066689251319, 49.388762522383004
10080, 15.788727905768031, 7.276695255676388, 46.42258819841091, 44.66988664752966
10082, 16.481817927787013, 6.706141219645528, 48.723152055379074, 40.47223934379593
10083, 15.642338056613623, 7.1206662339490965, 44.870436948965434, 45.874420061760624
10084, 15.103437404180209, 7.149927041471729, 40.92004216232495, 50.25146815238669
10085, 15.87201886727475, 7.191593636270213, 46.19291488551234, 44.711558809836205
10086, 14.401349605024498, 7.212646858776388, 37.29047849202513, 52.985983566940554
10087, 15.087660041744552, 7.268110485786864, 41.58125639989854, 49.843584131069925
10089, 14.005138326886952, 7.2688582943610704, 35.50778774954371, 56.30632760560983
Elapsed time: 6 seconds

------------------------------------------------------------
Sender: LSF System <lsfadmin@hpc.dtu.dk>
Subject: Job 28328425: <11_cuda_batch_20> in cluster <dcc> Done

Job <11_cuda_batch_20> was submitted from host <n-62-30-3> by user <s253093> in cluster <dcc> at Thu Apr 30 09:45:45 2026
Job was executed on host(s) <n-62-13-16>, in queue <gpul40s>, as user <s253093> in cluster <dcc> at Thu Apr 30 10:43:17 2026
</zhome/92/f/223286> was used as the home directory.
</zhome/92/f/223286/02613-mini-project/simulate> was used as the working directory.
Started at Thu Apr 30 10:43:17 2026
Terminated at Thu Apr 30 10:43:26 2026
Results reported at Thu Apr 30 10:43:26 2026

Your job looked like:

------------------------------------------------------------
# LSBATCH: User input
#!/bin/bash
#BSUB -J 11_cuda_batch_20
#BSUB -q gpul40s
#BSUB -W 03:00
#BSUB -R "rusage[mem=32GB]"
#BSUB -o logs/11_cuda_batch_20.%J.out
#BSUB -e logs/11_cuda_batch_20.%J.err
#BSUB -B

source /dtu/projects/02613_2025/conda/conda_init.sh
conda activate 02613_2026

cd /zhome/92/f/223286/02613-mini-project/simulate

START=$SECONDS
python 11_cuda_batch.py 20
echo "Elapsed time: $((SECONDS - START)) seconds"

------------------------------------------------------------

Successfully completed.

Resource usage summary:

    CPU time :                                   4.83 sec.
    Max Memory :                                 -
    Average Memory :                             -
    Total Requested Memory :                     32768.00 MB
    Delta Memory :                               -
    Max Swap :                                   -
    Max Processes :                              -
    Max Threads :                                -
    Run time :                                   9 sec.
    Turnaround time :                            3461 sec.

The output (if any) is above this job summary.



PS:

Read file <logs/11_cuda_batch_20.28328425.err> for stderr output of this job.

