Loaded module: cuda/11.8
Loading 4571 buildings ...
  processed 64/4571
  processed 128/4571
  processed 192/4571
  processed 256/4571
  processed 320/4571
  processed 384/4571
  processed 448/4571
  processed 512/4571
  processed 576/4571
  processed 640/4571
  processed 704/4571
  processed 768/4571
  processed 832/4571
  processed 896/4571
  processed 960/4571
  processed 1024/4571
  processed 1088/4571
  processed 1152/4571
  processed 1216/4571
  processed 1280/4571
  processed 1344/4571
  processed 1408/4571
  processed 1472/4571
  processed 1536/4571
  processed 1600/4571
  processed 1664/4571
  processed 1728/4571
  processed 1792/4571
  processed 1856/4571
  processed 1920/4571
  processed 1984/4571
  processed 2048/4571
  processed 2112/4571
  processed 2176/4571
  processed 2240/4571
  processed 2304/4571
  processed 2368/4571
  processed 2432/4571
  processed 2496/4571
  processed 2560/4571
  processed 2624/4571
  processed 2688/4571
  processed 2752/4571
  processed 2816/4571
  processed 2880/4571
  processed 2944/4571
  processed 3008/4571
  processed 3072/4571
  processed 3136/4571
  processed 3200/4571
  processed 3264/4571
  processed 3328/4571
  processed 3392/4571
  processed 3456/4571
  processed 3520/4571
  processed 3584/4571
  processed 3648/4571
  processed 3712/4571
  processed 3776/4571
  processed 3840/4571
  processed 3904/4571
  processed 3968/4571
  processed 4032/4571
  processed 4096/4571
  processed 4160/4571
  processed 4224/4571
  processed 4288/4571
  processed 4352/4571
  processed 4416/4571
  processed 4480/4571
  processed 4544/4571
  processed 4571/4571
# wall_time_seconds, 649.867513
Results written to ../results/results.csv
