No GPU on this node, CUDA module not loaded

------------------------------------------------------------
Sender: LSF System <lsfadmin@hpc.dtu.dk>
Subject: Job 28158821: <simulate_original> in cluster <dcc> Exited

Job <simulate_original> was submitted from host <n-62-30-4> by user <s253093> in cluster <dcc> at Tue Apr  7 23:17:45 2026
Job was executed on host(s) <4*n-62-31-14>, in queue <hpc>, as user <s253093> in cluster <dcc> at Tue Apr  7 23:17:46 2026
</zhome/92/f/223286> was used as the home directory.
</zhome/92/f/223286/02613-mini-project/simulate> was used as the working directory.
Started at Tue Apr  7 23:17:46 2026
Terminated at Tue Apr  7 23:20:10 2026
Results reported at Tue Apr  7 23:20:10 2026

Your job looked like:

------------------------------------------------------------
# LSBATCH: User input
#!/bin/bash
#BSUB -J simulate_original
#BSUB -q hpc
#BSUB -W 00:02
#BSUB -n 4
#BSUB -R "rusage[mem=512MB] span[hosts=1] select[model==XeonGold6126]"
#BSUB -o simulate_original.%J.out
#BSUB -e simulate_original.%J.err
#BSUB -B 

source /dtu/projects/02613_2025/conda/conda_init.sh
conda activate 02613_2026

START=$SECONDS
python simulate_original.py 20
echo "Elapsed time: $((SECONDS - START)) seconds"
------------------------------------------------------------

TERM_RUNLIMIT: job killed after reaching LSF run time limit.
Exited with exit code 140.

Resource usage summary:

    CPU time :                                   132.00 sec.
    Max Memory :                                 106 MB
    Average Memory :                             38.00 MB
    Total Requested Memory :                     2048.00 MB
    Delta Memory :                               1942.00 MB
    Max Swap :                                   -
    Max Processes :                              4
    Max Threads :                                5
    Run time :                                   144 sec.
    Turnaround time :                            145 sec.

The output (if any) is above this job summary.



PS:

Read file <simulate_original.28158821.err> for stderr output of this job.

