No GPU on this node, CUDA module not loaded

------------------------------------------------------------
Sender: LSF System <lsfadmin@hpc.dtu.dk>
Subject: Job 28160597: <simulate_original> in cluster <dcc> Exited

Job <simulate_original> was submitted from host <hpclogin1> by user <s260166> in cluster <dcc> at Wed Apr  8 11:00:02 2026
Job was executed on host(s) <4*n-62-31-16>, in queue <hpc>, as user <s260166> in cluster <dcc> at Wed Apr  8 11:00:04 2026
</zhome/f0/e/229191> was used as the home directory.
</zhome/f0/e/229191/02613-Mini-Project-Group7/simulate> was used as the working directory.
Started at Wed Apr  8 11:00:04 2026
Terminated at Wed Apr  8 11:02:51 2026
Results reported at Wed Apr  8 11:02:51 2026

Your job looked like:

------------------------------------------------------------
# LSBATCH: User input
#!/bin/bash
#BSUB -J simulate_original
#BSUB -q hpc
#BSUB -W 00:02
#BSUB -n 4
#BSUB -R "rusage[mem=512MB] span[hosts=1] select[model==XeonGold6126]"
#BSUB -o simulate_original.%J.out
#BSUB -e simulate_original.%J.err
#BSUB -B 

source /dtu/projects/02613_2025/conda/conda_init.sh
conda activate 02613_2026

START=$SECONDS
python simulate_original.py 20
echo "Elapsed time: $((SECONDS - START)) seconds"
------------------------------------------------------------

TERM_RUNLIMIT: job killed after reaching LSF run time limit.
Exited with exit code 140.

Resource usage summary:

    CPU time :                                   167.00 sec.
    Max Memory :                                 111 MB
    Average Memory :                             38.40 MB
    Total Requested Memory :                     2048.00 MB
    Delta Memory :                               1937.00 MB
    Max Swap :                                   -
    Max Processes :                              4
    Max Threads :                                5
    Run time :                                   167 sec.
    Turnaround time :                            169 sec.

The output (if any) is above this job summary.



PS:

Read file <simulate_original.28160597.err> for stderr output of this job.

