Elapsed time: 0 seconds

------------------------------------------------------------
Sender: LSF System <lsfadmin@hpc.dtu.dk>
Subject: Job 28261374: <09_gpu_10> in cluster <dcc> Done

Job <09_gpu_10> was submitted from host <n-62-30-2> by user <s253095> in cluster <dcc> at Wed Apr 22 21:01:56 2026
Job was executed on host(s) <4*n-62-20-5>, in queue <gpuv100>, as user <s253095> in cluster <dcc> at Wed Apr 22 21:05:31 2026
</zhome/db/4/223305> was used as the home directory.
</zhome/db/4/223305/Mini-Project-02613/GPU> was used as the working directory.
Started at Wed Apr 22 21:05:31 2026
Terminated at Wed Apr 22 21:05:34 2026
Results reported at Wed Apr 22 21:05:34 2026

Your job looked like:

------------------------------------------------------------
# LSBATCH: User input
#!/bin/bash
#BSUB -J 09_gpu_10
#BSUB -q gpuv100
#BSUB -W 00:30
#BSUB -n 4
#BSUB -R "span[hosts=1]"
#BSUB -R "rusage[mem=1GB]"
#BSUB -gpu "num=1"
#BSUB -o logs/09_gpu_10.%J.out
#BSUB -e logs/09_gpu_10.%J.err
#BSUB -B 

source /dtu/projects/02613_2025/conda/conda_init.sh
conda activate 02613_2026

#rm -rf ~/.cupy/kernel_cache

START=$SECONDS
python 09_gpu.py 10
echo "Elapsed time: $((SECONDS - START)) seconds"

------------------------------------------------------------

Successfully completed.

Resource usage summary:

    CPU time :                                   1.39 sec.
    Max Memory :                                 -
    Average Memory :                             -
    Total Requested Memory :                     4096.00 MB
    Delta Memory :                               -
    Max Swap :                                   -
    Max Processes :                              -
    Max Threads :                                -
    Run time :                                   3 sec.
    Turnaround time :                            218 sec.

The output (if any) is above this job summary.



PS:

Read file <logs/09_gpu_10.28261374.err> for stderr output of this job.

