GPUs visible: 1 | Compute Capability: 70
Elapsed time: 1 seconds

------------------------------------------------------------
Sender: LSF System <lsfadmin@hpc.dtu.dk>
Subject: Job 28261364: <09_gpu_10_2026> in cluster <dcc> Done

Job <09_gpu_10_2026> was submitted from host <n-62-30-2> by user <s253095> in cluster <dcc> at Wed Apr 22 21:01:30 2026
Job was executed on host(s) <4*n-62-20-5>, in queue <gpuv100>, as user <s253095> in cluster <dcc> at Wed Apr 22 21:05:01 2026
</zhome/db/4/223305> was used as the home directory.
</zhome/db/4/223305/Mini-Project-02613/GPU> was used as the working directory.
Started at Wed Apr 22 21:05:01 2026
Terminated at Wed Apr 22 21:05:06 2026
Results reported at Wed Apr 22 21:05:06 2026

Your job looked like:

------------------------------------------------------------
# LSBATCH: User input
#!/bin/bash
#BSUB -J 09_gpu_10_2026
#BSUB -q gpuv100
#BSUB -W 00:30
#BSUB -n 4
#BSUB -R "span[hosts=1]"
#BSUB -R "rusage[mem=1GB]"
#BSUB -gpu "num=1"
#BSUB -o logs/09_gpu_10_2026.%J.out
#BSUB -e logs/09_gpu_10_2026.%J.err
#BSUB -B 


module load cuda/11.8

source /dtu/projects/02613_2025/conda/conda_init.sh
conda activate 02613_2026


export CUPY_NVCC_GENERATE_CODE="arch=compute_70,code=sm_70"
rm -rf ~/.cupy/kernel_cache


python -c "import cupy as cp; print(f'GPUs visible: {cp.cuda.runtime.getDeviceCount()} | Compute Capability: {cp.cuda.Device().compute_capability}')"

START=$SECONDS
python 09_gpu.py 10
echo "Elapsed time: $((SECONDS - START)) seconds"
------------------------------------------------------------

Successfully completed.

Resource usage summary:

    CPU time :                                   1.96 sec.
    Max Memory :                                 -
    Average Memory :                             -
    Total Requested Memory :                     4096.00 MB
    Delta Memory :                               -
    Max Swap :                                   -
    Max Processes :                              -
    Max Threads :                                -
    Run time :                                   5 sec.
    Turnaround time :                            216 sec.

The output (if any) is above this job summary.



PS:

Read file <logs/09_gpu_10_2026.28261364.err> for stderr output of this job.

